<?xml version="1.0" encoding="UTF-8"?>
<!-- Generated by org.testng.reporters.JUnitReportReporter -->
<testsuite hostname="Soumyas-MacBook-Pro.local" failures="0" tests="1" name="com.saucedemo.tests.ValidateAddToCartTest" time="5.720" errors="0" timestamp="13 Mar 2019 18:36:32 GMT" skipped="0">
  <testcase classname="com.saucedemo.tests.ValidateAddToCartTest" name="test_AddToCart" time="5.720"/>
</testsuite> <!-- com.saucedemo.tests.ValidateAddToCartTest -->
